[2025-11-28 07:30:08]["type": "INFO", "message": "A User Successfully Registered", "file": ""]
[2025-11-28 07:31:10]["type": "INFO", "message": "A User Successfully Registered", "file": ""]
[2025-11-28 07:31:55]["type": "INFO", "message": "A User Successfully Registered", "file": ""]
[2025-11-28 07:56:26]["type": "INFO", "message": "A User Successfully Registered", "file": ""]
[2025-11-28 08:11:12]["type": "INFO", "message": "A User Successfully Registered", "file": ""]
[2025-11-28 08:20:16]["type": "INFO", "message": "A User Successfully Registered", "file": ""]
[2025-11-28 09:41:39]["type": "INFO", "message": "A User Successfully Registered", "file": ""]
[2025-11-28 10:01:14]["type": "INFO", "message": "A User Successfully Registered", "file": ""]
[2025-11-28 10:04:14]["type": "INFO", "message": "A User Successfully Registered", "file": ""]
[2025-11-28 10:08:48]["type": "INFO", "message": "A User Successfully Registered", "file": ""]
[2025-11-28 10:10:32]["type": "INFO", "message": "A User Successfully Registered", "file": ""]
[2025-11-28 17:15:52]["type": "INFO", "message": "A User Successfully Registered", "file": ""]
[2025-11-28 17:20:49]["type": "INFO", "message": "A User Successfully Registered", "file": ""]
[2025-11-28 17:22:00]["type": "INFO", "message": "A User Successfully Registered", "file": ""]
[2025-11-28 17:31:33]["type": "INFO", "message": "A User Successfully Registered", "file": ""]
[2025-11-28 18:02:52]["type": "INFO", "message": "A User Successfully Registered", "file": ""]
[2025-11-28 18:03:41]["type": "INFO", "message": "A User Successfully Registered", "file": ""]
[2025-11-28 18:11:52]["type": "INFO", "message": "A User Successfully Registered", "file": ""]
[2025-11-28 18:18:07]["type": "INFO", "message": "A User Successfully Registered", "file": ""]
[2025-11-28 20:15:49]["type": "INFO", "message": "A User Successfully Registered", "file": ""]
[2025-11-28 21:29:13]["type": "INFO", "message": "A User Successfully Registered", "file": ""]
[2025-11-28 22:06:24]["type": "INFO", "message": "A User Successfully Registered", "file": ""]
[2025-11-29 07:55:07]["type": "INFO", "message": "A User Successfully Registered", "file": ""]
[2025-11-29 08:00:16]["type": "INFO", "message": "A User Successfully Registered", "file": ""]
[2025-11-29 08:03:07]["type": "INFO", "message": "A User Successfully Registered", "file": ""]
[2025-11-29 08:04:46]["type": "INFO", "message": "A User Successfully Registered", "file": ""]
[2025-11-29 08:07:09]["type": "INFO", "message": "A User Successfully Registered", "file": ""]
[2025-11-29 09:46:06]["type": "INFO", "message": "A User Successfully Registered", "file": ""]
[2025-11-29 09:47:01]["type": "INFO", "message": "A User Successfully Registered", "file": ""]
[2025-11-29 09:48:35]["type": "INFO", "message": "A User Successfully Registered", "file": ""]
[2025-11-29 10:06:44]["type": "INFO", "message": "A User Successfully Registered", "file": ""]
[2025-11-29 18:01:27]["type": "INFO", "message": "A User Successfully Registered", "file": ""]
[2025-11-29 18:03:35]["type": "INFO", "message": "A User Successfully Registered", "file": ""]
[2025-11-29 18:04:37]["type": "INFO", "message": "A User Successfully Registered", "file": ""]
[2025-11-30 14:55:14]["type": "ERROR", "message": "Registration business logic error: Profile creation failed: Unknown profile creation error.", "file": ""]
[2025-11-30 14:59:38]["type": "ERROR", "message": "Registration business logic error: Profile creation failed: SQLSTATE[42S22]: Column not found: 1054 Unknown column 'role_id' in 'field list'", "file": ""]
[2025-11-30 15:05:10]["type": "ERROR", "message": "Registration business logic error: Profile creation failed: SQLSTATE[42S22]: Column not found: 1054 Unknown column 'roleId' in 'field list'", "file": ""]
[2025-11-30 15:07:01]["type": "ERROR", "message": "Registration business logic error: Profile creation failed: SQLSTATE[HY093]: Invalid parameter number: number of bound variables does not match number of tokens", "file": ""]
[2025-11-30 15:07:23]["type": "INFO", "message": "User registered successfully. PGID: 250365, Username: admin", "file": ""]
[2025-11-30 15:08:54]["type": "ERROR", "message": "Registration business logic error: Username is already registered.", "file": ""]
[2025-11-30 15:09:11]["type": "INFO", "message": "User registered successfully. PGID: 250366, Username: admin2", "file": ""]
[2025-11-30 15:11:24]["type": "INFO", "message": "User registered successfully. PGID: 250367, Username: test", "file": ""]
[2025-11-30 17:17:14]["type": "INFO", "message": "User registered successfully. PGID: 250368, Username: admin22", "file": ""]
[2025-11-30 17:19:37]["type": "INFO", "message": "User registered successfully. PGID: 250369, Username: aaqq", "file": ""]
[2025-11-30 17:21:17]["type": "ERROR", "message": "Registration business logic error: Mobile Number is already registered!", "file": ""]
[2025-11-30 17:21:26]["type": "INFO", "message": "User registered successfully. PGID: 250370, Username: aaqqq", "file": ""]
[2025-11-30 17:23:10]["type": "ERROR", "message": "Registration business logic error: Username is already registered.", "file": ""]
[2025-11-30 17:23:15]["type": "ERROR", "message": "Registration business logic error: Mobile Number is already registered!", "file": ""]
[2025-11-30 17:23:27]["type": "INFO", "message": "User registered successfully. PGID: 250372, Username: aaqqqqq", "file": ""]
[2025-11-30 17:32:39]["type": "INFO", "message": "User registered successfully. PGID: 250374, Username: eeeeeeeeeeee", "file": ""]
[2025-11-30 19:20:56]["type": "INFO", "message": "User registered successfully. PGID: 250375, Username: test00", "file": ""]
[2025-11-30 20:50:02]["type": "INFO", "message": "User registered successfully. PGID: 250376, Username: test000", "file": ""]
[2025-11-30 21:29:11]["type": "ERROR", "message": "Registration business logic error: Mobile Number is already registered!", "file": ""]
[2025-11-30 21:29:21]["type": "INFO", "message": "User registered successfully. PGID: 250377, Username: test001", "file": ""]
[2025-11-30 21:30:37]["type": "INFO", "message": "User registered successfully. PGID: 250378, Username: test01", "file": ""]
[2025-12-01 03:22:29]["type": "INFO", "message": "User registered successfully. PGID: 250379, Username: user", "file": ""]
[2025-12-01 08:20:07]["type": "INFO", "message": "User registered successfully. PGID: 250380, Username: Karma", "file": ""]
[2025-12-01 19:46:21]["type": "INFO", "message": "User registered successfully. PGID: 250381, Username: ss", "file": ""]
