[2025-11-23 17:59:18]["type": "Error", "message": "No Account results found for ID: admina", "file": "C:\xampp\htdocs\UNTY-PGRSYS\app\database"]
[2025-11-23 18:01:30]["type": "Error", "message": "No Account results found for ID: admina", "file": "C:\xampp\htdocs\UNTY-PGRSYS\app\database"]
[2025-11-23 18:01:36]["type": "Error", "message": "No Account results found for ID: admina", "file": "C:\xampp\htdocs\UNTY-PGRSYS\app\database"]
[2025-11-24 09:46:38]["type": "Error", "message": "No Account results found for ID: a", "file": "C:\xampp\htdocs\UNTY-PGRSYS\app\database"]
[2025-11-24 20:41:15]["type": "Error", "message": "No Account results found for ID: aa", "file": "C:\xampp\htdocs\UNTY-PGRSYS\app\database"]
[2025-11-24 20:41:30]["type": "Error", "message": "No Account results found for ID: aa", "file": "C:\xampp\htdocs\UNTY-PGRSYS\app\database"]
[2025-11-24 20:41:58]["type": "Error", "message": "No Account results found for ID: aa", "file": "C:\xampp\htdocs\UNTY-PGRSYS\app\database"]
[2025-11-24 20:42:06]["type": "Error", "message": "No Account results found for ID: aa", "file": "C:\xampp\htdocs\UNTY-PGRSYS\app\database"]
[2025-11-24 20:42:31]["type": "Error", "message": "No Account results found for ID: aaad", "file": "C:\xampp\htdocs\UNTY-PGRSYS\app\database"]
[2025-11-24 20:43:08]["type": "Error", "message": "No Account results found for ID: aaad", "file": "C:\xampp\htdocs\UNTY-PGRSYS\app\database"]
[2025-11-24 20:43:12]["type": "Error", "message": "No Account results found for ID: aa", "file": "C:\xampp\htdocs\UNTY-PGRSYS\app\database"]
[2025-11-24 20:44:19]["type": "Error", "message": "No Account results found for ID: aa", "file": "C:\xampp\htdocs\UNTY-PGRSYS\app\database"]
[2025-11-24 20:47:45]["type": "Error", "message": "No Account results found for ID: aa", "file": "C:\xampp\htdocs\UNTY-PGRSYS\app\database"]
[2025-11-24 20:49:37]["type": "Error", "message": "No Account results found for ID: aa", "file": "C:\xampp\htdocs\UNTY-PGRSYS\app\database"]
[2025-11-24 20:50:48]["type": "Error", "message": "No Account results found for ID: admins", "file": "C:\xampp\htdocs\UNTY-PGRSYS\app\database"]
[2025-11-24 20:53:44]["type": "Error", "message": "No Account results found for ID: admins", "file": "C:\xampp\htdocs\UNTY-PGRSYS\app\database"]
[2025-11-24 20:53:55]["type": "Error", "message": "No Account results found for ID: aa", "file": "C:\xampp\htdocs\UNTY-PGRSYS\app\database"]
[2025-11-24 20:54:32]["type": "Error", "message": "No Account results found for ID: aa", "file": "C:\xampp\htdocs\UNTY-PGRSYS\app\database"]
[2025-11-24 20:54:38]["type": "Error", "message": "No Account results found for ID: a", "file": "C:\xampp\htdocs\UNTY-PGRSYS\app\database"]
[2025-11-24 20:55:04]["type": "Error", "message": "No Account results found for ID: a", "file": "C:\xampp\htdocs\UNTY-PGRSYS\app\database"]
[2025-11-28 02:56:04]["type": "Error", "message": "No Account results found for ID: aa", "file": "C:\xampp\htdocs\UNTY-PGRSYS\app\database"]
[2025-11-28 02:56:10]["type": "Error", "message": "No Account results found for ID: aa", "file": "C:\xampp\htdocs\UNTY-PGRSYS\app\database"]
[2025-11-28 03:21:02]["type": "Error", "message": "No Account results found for ID: ass", "file": "C:\xampp\htdocs\UNTY-PGRSYS\app\database"]
[2025-11-28 03:21:27]["type": "Error", "message": "No Account results found for ID: ass", "file": "C:\xampp\htdocs\UNTY-PGRSYS\app\database"]
[2025-11-28 03:22:09]["type": "Error", "message": "No Account results found for ID: ass", "file": "C:\xampp\htdocs\UNTY-PGRSYS\app\database"]
[2025-11-28 03:23:23]["type": "Error", "message": "No Account results found for ID: ass", "file": "C:\xampp\htdocs\UNTY-PGRSYS\app\database"]
[2025-11-28 03:24:17]["type": "Error", "message": "No Account results found for ID: aa", "file": "C:\xampp\htdocs\UNTY-PGRSYS\app\database"]
[2025-11-28 03:24:27]["type": "Error", "message": "No Account results found for ID: aa", "file": "C:\xampp\htdocs\UNTY-PGRSYS\app\database"]
[2025-11-28 03:34:53]["type": "Error", "message": "No Account results found for ID: aa", "file": "C:\xampp\htdocs\UNTY-PGRSYS\app\database"]
[2025-11-28 03:41:35]["type": "Error", "message": "No Account results found for ID: aa", "file": "C:\xampp\htdocs\UNTY-PGRSYS\app\database"]
[2025-11-28 03:41:55]["type": "Error", "message": "No Account results found for ID: aa", "file": "C:\xampp\htdocs\UNTY-PGRSYS\app\database"]
[2025-11-28 03:45:28]["type": "Error", "message": "No Account results found for ID: aa", "file": "C:\xampp\htdocs\UNTY-PGRSYS\app\database"]
[2025-11-28 03:47:25]["type": "Error", "message": "No Account results found for ID: aa", "file": "C:\xampp\htdocs\UNTY-PGRSYS\app\database"]
[2025-11-28 03:49:05]["type": "Error", "message": "No Account results found for ID: aa", "file": "C:\xampp\htdocs\UNTY-PGRSYS\app\database"]
[2025-11-28 03:49:48]["type": "Error", "message": "No Account results found for ID: aa", "file": "C:\xampp\htdocs\UNTY-PGRSYS\app\database"]
[2025-11-28 04:23:45]["type": "Error", "message": "No Account results found for ID: aa", "file": "C:\xampp\htdocs\UNTY-PGRSYS\app\database"]
[2025-11-28 04:25:07]["type": "Error", "message": "No Account results found for ID: aa", "file": "C:\xampp\htdocs\UNTY-PGRSYS\app\database"]
[2025-11-28 04:25:11]["type": "Error", "message": "No Account results found for ID: aa", "file": "C:\xampp\htdocs\UNTY-PGRSYS\app\database"]
[2025-11-28 04:26:49]["type": "Error", "message": "No Account results found for ID: aa", "file": "C:\xampp\htdocs\UNTY-PGRSYS\app\database"]
[2025-11-28 04:26:55]["type": "Error", "message": "No Account results found for ID: aa", "file": "C:\xampp\htdocs\UNTY-PGRSYS\app\database"]
[2025-11-28 04:27:20]["type": "Error", "message": "No Account results found for ID: aa", "file": "C:\xampp\htdocs\UNTY-PGRSYS\app\database"]
[2025-11-28 04:27:28]["type": "Error", "message": "No Account results found for ID: aa", "file": "C:\xampp\htdocs\UNTY-PGRSYS\app\database"]
[2025-11-28 04:27:37]["type": "Error", "message": "No Account results found for ID: aa", "file": "C:\xampp\htdocs\UNTY-PGRSYS\app\database"]
[2025-11-28 04:27:50]["type": "Error", "message": "No Account results found for ID: aa", "file": "C:\xampp\htdocs\UNTY-PGRSYS\app\database"]
[2025-11-28 05:48:49]["type": "Error", "message": "No Account results found for ID: aa", "file": "C:\xampp\htdocs\UNTY-PGRSYS\app\database"]
[2025-11-28 06:45:27]["type": "Error", "message": "No Account results found for ID: aa", "file": "C:\xampp\htdocs\UNTY-PGRSYS\app\database"]
[2025-11-28 06:45:56]["type": "Error", "message": "No Account results found for ID: aa", "file": "C:\xampp\htdocs\UNTY-PGRSYS\app\database"]
[2025-11-28 06:46:18]["type": "Error", "message": "No Account results found for ID: aa", "file": "C:\xampp\htdocs\UNTY-PGRSYS\app\database"]
[2025-11-28 06:46:39]["type": "Error", "message": "No Account results found for ID: aa", "file": "C:\xampp\htdocs\UNTY-PGRSYS\app\database"]
[2025-11-28 06:47:10]["type": "Error", "message": "No Account results found for ID: aa", "file": "C:\xampp\htdocs\UNTY-PGRSYS\app\database"]
[2025-11-28 06:56:07]["type": "Error", "message": "No Account results found for ID: aa", "file": "C:\xampp\htdocs\UNTY-PGRSYS\app\database"]
[2025-11-28 06:58:48]["type": "Error", "message": "No Account results found for ID: aa", "file": "C:\xampp\htdocs\UNTY-PGRSYS\app\database"]
[2025-11-28 06:59:02]["type": "Error", "message": "No Account results found for ID: aa", "file": "C:\xampp\htdocs\UNTY-PGRSYS\app\database"]
[2025-11-28 06:59:13]["type": "Error", "message": "No Account results found for ID: aa", "file": "C:\xampp\htdocs\UNTY-PGRSYS\app\database"]
[2025-11-28 06:59:57]["type": "Error", "message": "No Account results found for ID: aa", "file": "C:\xampp\htdocs\UNTY-PGRSYS\app\database"]
[2025-11-28 07:00:44]["type": "Error", "message": "No Account results found for ID: 123456", "file": "C:\xampp\htdocs\UNTY-PGRSYS\app\database"]
[2025-11-28 07:01:30]["type": "Error", "message": "No Account results found for ID: 123456", "file": "C:\xampp\htdocs\UNTY-PGRSYS\app\database"]
[2025-11-28 07:01:39]["type": "Error", "message": "No Account results found for ID: 123456", "file": "C:\xampp\htdocs\UNTY-PGRSYS\app\database"]
[2025-11-28 07:02:21]["type": "Error", "message": "No Account results found for ID: 123456", "file": "C:\xampp\htdocs\UNTY-PGRSYS\app\database"]
[2025-11-28 07:07:15]["type": "Error", "message": "No Account results found for ID: 123456", "file": "C:\xampp\htdocs\UNTY-PGRSYS\app\database"]
[2025-11-28 07:07:49]["type": "Error", "message": "No Account results found for ID: 123456", "file": "C:\xampp\htdocs\UNTY-PGRSYS\app\database"]
[2025-11-28 07:08:02]["type": "Error", "message": "No Account results found for ID: 123456", "file": "C:\xampp\htdocs\UNTY-PGRSYS\app\database"]
[2025-11-28 07:10:07]["type": "Error", "message": "No Account results found for ID: 123456", "file": "C:\xampp\htdocs\UNTY-PGRSYS\app\database"]
[2025-11-28 07:10:07]["type": "INFO", "message": "SQLSTATE[HY093]: Invalid parameter number: number of bound variables does not match number of tokens", "file": ""]
[2025-11-28 07:10:07]["type": "Error", "message": "No Account results found for ID: 123456", "file": "C:\xampp\htdocs\UNTY-PGRSYS\app\database"]
[2025-11-28 07:11:12]["type": "Error", "message": "No Account results found for ID: 123456", "file": "C:\xampp\htdocs\UNTY-PGRSYS\app\database"]
[2025-11-28 07:11:12]["type": "INFO", "message": "SQLSTATE[HY093]: Invalid parameter number: number of bound variables does not match number of tokens", "file": ""]
[2025-11-28 07:11:12]["type": "Error", "message": "No Account results found for ID: 123456", "file": "C:\xampp\htdocs\UNTY-PGRSYS\app\database"]
[2025-11-28 07:11:12]["type": "Database INFO", "message": "Account registration failed ", "file": "C:\xampp\htdocs\UNTY-PGRSYS\app\functions"]
[2025-11-28 07:11:56]["type": "Error", "message": "No Account results found for ID: 123456", "file": "C:\xampp\htdocs\UNTY-PGRSYS\app\database"]
[2025-11-28 07:11:56]["type": "INFO", "message": "SQLSTATE[HY093]: Invalid parameter number: number of bound variables does not match number of tokens", "file": ""]
[2025-11-28 07:11:56]["type": "Error", "message": "No Account results found for ID: 123456", "file": "C:\xampp\htdocs\UNTY-PGRSYS\app\database"]
[2025-11-28 07:11:56]["type": "Database INFO", "message": "Account registration failed ", "file": "C:\xampp\htdocs\UNTY-PGRSYS\app\functions"]
[2025-11-28 07:12:09]["type": "Error", "message": "No Account results found for ID: 123456", "file": "C:\xampp\htdocs\UNTY-PGRSYS\app\database"]
[2025-11-28 07:12:09]["type": "INFO", "message": "SQLSTATE[HY093]: Invalid parameter number: number of bound variables does not match number of tokens", "file": ""]
[2025-11-28 07:12:09]["type": "Error", "message": "No Account results found for ID: 123456", "file": "C:\xampp\htdocs\UNTY-PGRSYS\app\database"]
[2025-11-28 07:12:09]["type": "Database INFO", "message": "Account registration failed ", "file": "C:\xampp\htdocs\UNTY-PGRSYS\app\functions"]
[2025-11-28 07:13:10]["type": "Error", "message": "No Account results found for ID: 123456", "file": "C:\xampp\htdocs\UNTY-PGRSYS\app\database"]
[2025-11-28 07:13:10]["type": "INFO", "message": "SQLSTATE[HY093]: Invalid parameter number: number of bound variables does not match number of tokens", "file": "C:\xampp\htdocs\UNTY-PGRSYS\app\database"]
[2025-11-28 07:13:10]["type": "Error", "message": "No Account results found for ID: 123456", "file": "C:\xampp\htdocs\UNTY-PGRSYS\app\database"]
[2025-11-28 07:13:10]["type": "Database INFO", "message": "Account registration failed ", "file": "C:\xampp\htdocs\UNTY-PGRSYS\app\functions"]
[2025-11-28 07:14:08]["type": "Error", "message": "No Account results found for ID: 123456", "file": "C:\xampp\htdocs\UNTY-PGRSYS\app\database"]
[2025-11-28 07:14:09]["type": "Error", "message": "No Account results found for ID: 123456", "file": "C:\xampp\htdocs\UNTY-PGRSYS\app\database"]
[2025-11-28 07:19:00]["type": "Database INFO", "message": "Already Have Username", "file": "C:\xampp\htdocs\UNTY-PGRSYS\app\functions"]
[2025-11-28 07:20:06]["type": "Database INFO", "message": "Already Have Username", "file": "C:\xampp\htdocs\UNTY-PGRSYS\app\functions"]
[2025-11-28 07:20:58]["type": "Database", "message": "Database connection failed", "file": "C:\xampp\htdocs\UNTY-PGRSYS\app\database"]
[2025-11-28 07:22:41]["type": "Error", "message": "No Account results found for ID: 123456", "file": "C:\xampp\htdocs\UNTY-PGRSYS\app\database"]
[2025-11-28 07:22:41]["type": "Error", "message": "No Account results found for ID: 123456", "file": "C:\xampp\htdocs\UNTY-PGRSYS\app\database"]
[2025-11-28 07:23:15]["type": "Database INFO", "message": "Already Have Username", "file": "C:\xampp\htdocs\UNTY-PGRSYS\app\functions"]
[2025-11-28 07:24:30]["type": "Error", "message": "No Account results found for ID: 123456", "file": "C:\xampp\htdocs\UNTY-PGRSYS\app\database"]
[2025-11-28 07:24:30]["type": "Error", "message": "No Account results found for ID: 123456", "file": "C:\xampp\htdocs\UNTY-PGRSYS\app\database"]
[2025-11-28 07:29:22]["type": "Database INFO", "message": "Already Have Username", "file": "C:\xampp\htdocs\UNTY-PGRSYS\app\functions"]
[2025-11-28 07:30:07]["type": "Error", "message": "No Account results found for ID: 123456", "file": "C:\xampp\htdocs\UNTY-PGRSYS\app\database"]
[2025-11-28 07:30:07]["type": "Error", "message": "No Account results found for ID: 123456", "file": "C:\xampp\htdocs\UNTY-PGRSYS\app\database"]
[2025-11-28 07:30:30]["type": "Database INFO", "message": "Already Have Username", "file": "C:\xampp\htdocs\UNTY-PGRSYS\app\functions"]
[2025-11-28 07:31:09]["type": "Error", "message": "No Account results found for ID: 123456", "file": "C:\xampp\htdocs\UNTY-PGRSYS\app\database"]
[2025-11-28 07:31:09]["type": "Error", "message": "No Account results found for ID: 123456", "file": "C:\xampp\htdocs\UNTY-PGRSYS\app\database"]
[2025-11-28 07:31:54]["type": "Error", "message": "No Account results found for ID: 123456", "file": "C:\xampp\htdocs\UNTY-PGRSYS\app\database"]
[2025-11-28 07:31:54]["type": "Error", "message": "No Account results found for ID: 123456", "file": "C:\xampp\htdocs\UNTY-PGRSYS\app\database"]
[2025-11-28 07:33:21]["type": "Error", "message": "No Account results found for ID: user1", "file": "C:\xampp\htdocs\UNTY-PGRSYS\app\database"]
[2025-11-28 07:33:22]["type": "Error", "message": "No Account results found for ID: user1", "file": "C:\xampp\htdocs\UNTY-PGRSYS\app\database"]
[2025-11-28 07:33:22]["type": "Database INFO", "message": "Account registration failed ", "file": "C:\xampp\htdocs\UNTY-PGRSYS\app\functions"]
[2025-11-28 07:52:17]["type": "Error", "message": "No Account results found for ID: user1", "file": "C:\xampp\htdocs\UNTY-PGRSYS\app\database"]
[2025-11-28 07:52:17]["type": "Database INFO", "message": "Mobile Number Already Register!", "file": "C:\xampp\htdocs\UNTY-PGRSYS\app\functions"]
[2025-11-28 07:55:23]["type": "Error", "message": "No Account results found for ID: user1", "file": "C:\xampp\htdocs\UNTY-PGRSYS\app\database"]
[2025-11-28 07:55:23]["type": "Database INFO", "message": "Mobile Number Already Register!", "file": "C:\xampp\htdocs\UNTY-PGRSYS\app\functions"]
[2025-11-28 07:55:39]["type": "Error", "message": "No Account results found for ID: user1", "file": "C:\xampp\htdocs\UNTY-PGRSYS\app\database"]
[2025-11-28 07:55:39]["type": "Database INFO", "message": "Mobile Number Already Register!", "file": "C:\xampp\htdocs\UNTY-PGRSYS\app\functions"]
[2025-11-28 07:56:24]["type": "Error", "message": "No Account results found for ID: user12", "file": "C:\xampp\htdocs\UNTY-PGRSYS\app\database"]
[2025-11-28 07:56:24]["type": "Error", "message": "No Account results found for ID: user12", "file": "C:\xampp\htdocs\UNTY-PGRSYS\app\database"]
[2025-11-28 08:11:11]["type": "Error", "message": "No Account results found for ID: qwerty", "file": "C:\xampp\htdocs\UNTY-PGRSYS\app\database"]
[2025-11-28 08:11:11]["type": "Error", "message": "No Account results found for ID: qwerty", "file": "C:\xampp\htdocs\UNTY-PGRSYS\app\database"]
[2025-11-28 08:19:23]["type": "Error", "message": "No Account results found for ID: 1234567890", "file": "C:\xampp\htdocs\UNTY-PGRSYS\app\database"]
[2025-11-28 08:19:23]["type": "Database INFO", "message": "Number must Be 11 Digit!", "file": "C:\xampp\htdocs\UNTY-PGRSYS\app\functions"]
[2025-11-28 08:19:54]["type": "Error", "message": "No Account results found for ID: 1234567890", "file": "C:\xampp\htdocs\UNTY-PGRSYS\app\database"]
[2025-11-28 08:19:54]["type": "Database INFO", "message": "Mobile number must be 11 Digit!", "file": "C:\xampp\htdocs\UNTY-PGRSYS\app\functions"]
[2025-11-28 08:20:04]["type": "Error", "message": "No Account results found for ID: 1234567890", "file": "C:\xampp\htdocs\UNTY-PGRSYS\app\database"]
[2025-11-28 08:20:04]["type": "Database INFO", "message": "Mobile number must be 11 Digit!", "file": "C:\xampp\htdocs\UNTY-PGRSYS\app\functions"]
[2025-11-28 08:20:15]["type": "Error", "message": "No Account results found for ID: 1234567890", "file": "C:\xampp\htdocs\UNTY-PGRSYS\app\database"]
[2025-11-28 08:20:15]["type": "Error", "message": "No Account results found for ID: 1234567890", "file": "C:\xampp\htdocs\UNTY-PGRSYS\app\database"]
[2025-11-28 09:41:38]["type": "Error", "message": "No Account results found for ID: abcdef", "file": "C:\xampp\htdocs\UNTY-PGRSYS\app\database"]
[2025-11-28 09:41:38]["type": "Error", "message": "No Account results found for ID: abcdef", "file": "C:\xampp\htdocs\UNTY-PGRSYS\app\database"]
[2025-11-28 10:01:13]["type": "Error", "message": "No Account results found for ID: 0909", "file": "C:\xampp\htdocs\UNTY-PGRSYS\app\database"]
[2025-11-28 10:01:13]["type": "Error", "message": "No Account results found for ID: 0909", "file": "C:\xampp\htdocs\UNTY-PGRSYS\app\database"]
[2025-11-28 10:04:06]["type": "Error", "message": "No Account results found for ID: qw", "file": "C:\xampp\htdocs\UNTY-PGRSYS\app\database"]
[2025-11-28 10:04:06]["type": "Database INFO", "message": "Mobile Number Already Register!", "file": "C:\xampp\htdocs\UNTY-PGRSYS\app\functions"]
[2025-11-28 10:04:13]["type": "Error", "message": "No Account results found for ID: qw", "file": "C:\xampp\htdocs\UNTY-PGRSYS\app\database"]
[2025-11-28 10:04:13]["type": "Error", "message": "No Account results found for ID: qw", "file": "C:\xampp\htdocs\UNTY-PGRSYS\app\database"]
[2025-11-28 10:08:47]["type": "Error", "message": "No Account results found for ID: 0123", "file": "C:\xampp\htdocs\UNTY-PGRSYS\app\database"]
[2025-11-28 10:08:47]["type": "Error", "message": "No Account results found for ID: 0123", "file": "C:\xampp\htdocs\UNTY-PGRSYS\app\database"]
[2025-11-28 10:10:22]["type": "Error", "message": "No Account results found for ID: bee", "file": "C:\xampp\htdocs\UNTY-PGRSYS\app\database"]
[2025-11-28 10:10:22]["type": "Database INFO", "message": "Mobile Number Already Register!", "file": "C:\xampp\htdocs\UNTY-PGRSYS\app\functions"]
[2025-11-28 10:10:28]["type": "Error", "message": "No Account results found for ID: bee", "file": "C:\xampp\htdocs\UNTY-PGRSYS\app\database"]
[2025-11-28 10:10:29]["type": "Error", "message": "No Account results found for ID: bee", "file": "C:\xampp\htdocs\UNTY-PGRSYS\app\database"]
[2025-11-28 17:15:31]["type": "Error", "message": "No Account results found for ID: usm", "file": "C:\xampp\htdocs\UNTY-PGRSYS\app\database"]
[2025-11-28 17:15:31]["type": "Database INFO", "message": "Mobile Number Already Register!", "file": "C:\xampp\htdocs\UNTY-PGRSYS\app\functions"]
[2025-11-28 17:15:39]["type": "Error", "message": "No Account results found for ID: usm", "file": "C:\xampp\htdocs\UNTY-PGRSYS\app\database"]
[2025-11-28 17:15:39]["type": "Database INFO", "message": "Mobile Number Already Register!", "file": "C:\xampp\htdocs\UNTY-PGRSYS\app\functions"]
[2025-11-28 17:15:50]["type": "Error", "message": "No Account results found for ID: usm", "file": "C:\xampp\htdocs\UNTY-PGRSYS\app\database"]
[2025-11-28 17:15:51]["type": "Error", "message": "No Account results found for ID: usm", "file": "C:\xampp\htdocs\UNTY-PGRSYS\app\database"]
[2025-11-28 17:20:48]["type": "Error", "message": "No Account results found for ID: 1234567", "file": "C:\xampp\htdocs\UNTY-PGRSYS\app\database"]
[2025-11-28 17:20:48]["type": "Error", "message": "No Account results found for ID: 1234567", "file": "C:\xampp\htdocs\UNTY-PGRSYS\app\database"]
[2025-11-28 17:21:59]["type": "Error", "message": "No Account results found for ID: 1234567", "file": "C:\xampp\htdocs\UNTY-PGRSYS\app\database"]
[2025-11-28 17:21:59]["type": "Error", "message": "No Account results found for ID: 1234567", "file": "C:\xampp\htdocs\UNTY-PGRSYS\app\database"]
[2025-11-28 17:30:51]["type": "Database INFO", "message": "Already Have Username", "file": "C:\xampp\htdocs\UNTY-PGRSYS\app\functions"]
[2025-11-28 17:30:58]["type": "Error", "message": "No Account results found for ID: 12345678", "file": "C:\xampp\htdocs\UNTY-PGRSYS\app\database"]
[2025-11-28 17:30:58]["type": "Database INFO", "message": "Mobile Number Already Register!", "file": "C:\xampp\htdocs\UNTY-PGRSYS\app\functions"]
[2025-11-28 17:31:23]["type": "Error", "message": "No Account results found for ID: meow", "file": "C:\xampp\htdocs\UNTY-PGRSYS\app\database"]
[2025-11-28 17:31:23]["type": "Database INFO", "message": "Mobile Number Already Register!", "file": "C:\xampp\htdocs\UNTY-PGRSYS\app\functions"]
[2025-11-28 17:31:32]["type": "Error", "message": "No Account results found for ID: meow", "file": "C:\xampp\htdocs\UNTY-PGRSYS\app\database"]
[2025-11-28 17:31:32]["type": "Error", "message": "No Account results found for ID: meow", "file": "C:\xampp\htdocs\UNTY-PGRSYS\app\database"]
[2025-11-28 18:02:49]["type": "Error", "message": "No Account results found for ID: bes", "file": "C:\xampp\htdocs\UNTY-PGRSYS\app\database"]
[2025-11-28 18:02:49]["type": "Error", "message": "No Account results found for ID: bes", "file": "C:\xampp\htdocs\UNTY-PGRSYS\app\database"]
[2025-11-28 18:03:39]["type": "Error", "message": "No Account results found for ID: bess", "file": "C:\xampp\htdocs\UNTY-PGRSYS\app\database"]
[2025-11-28 18:03:40]["type": "Error", "message": "No Account results found for ID: bess", "file": "C:\xampp\htdocs\UNTY-PGRSYS\app\database"]
[2025-11-28 18:11:50]["type": "Error", "message": "No Account results found for ID: hayss", "file": "C:\xampp\htdocs\UNTY-PGRSYS\app\database"]
[2025-11-28 18:11:50]["type": "Error", "message": "No Account results found for ID: hayss", "file": "C:\xampp\htdocs\UNTY-PGRSYS\app\database"]
[2025-11-28 18:17:58]["type": "Error", "message": "No Account results found for ID: 11111", "file": "C:\xampp\htdocs\UNTY-PGRSYS\app\database"]
[2025-11-28 18:17:58]["type": "Database INFO", "message": "Mobile Number Already Register!", "file": "C:\xampp\htdocs\UNTY-PGRSYS\app\functions"]
[2025-11-28 18:18:05]["type": "Error", "message": "No Account results found for ID: 11111", "file": "C:\xampp\htdocs\UNTY-PGRSYS\app\database"]
[2025-11-28 18:18:06]["type": "Error", "message": "No Account results found for ID: 11111", "file": "C:\xampp\htdocs\UNTY-PGRSYS\app\database"]
[2025-11-28 20:15:48]["type": "Error", "message": "No Account results found for ID: tes", "file": "C:\xampp\htdocs\UNTY-PGRSYS\app\database"]
[2025-11-28 20:15:48]["type": "Error", "message": "No Account results found for ID: tes", "file": "C:\xampp\htdocs\UNTY-PGRSYS\app\database"]
[2025-11-28 21:28:35]["type": "ERROR", "message": "Database Error updating status PGID and Status!", "file": ""]
[2025-11-28 21:29:12]["type": "Error", "message": "No Account results found for ID: baa", "file": "C:\xampp\htdocs\UNTY-PGRSYS\app\database"]
[2025-11-28 21:29:12]["type": "Error", "message": "No Account results found for ID: baa", "file": "C:\xampp\htdocs\UNTY-PGRSYS\app\database"]
[2025-11-28 21:32:40]["type": "Error", "message": "No Account results found for ID: aa", "file": "C:\xampp\htdocs\UNTY-PGRSYS\app\database"]
[2025-11-28 21:48:47]["type": "Error", "message": "No Account Found for PGID: ", "file": "C:\xampp\htdocs\UNTY-PGRSYS\app\database"]
[2025-11-28 22:06:22]["type": "Error", "message": "No Account results found for ID: tsw", "file": "C:\xampp\htdocs\UNTY-PGRSYS\app\database"]
[2025-11-28 22:06:22]["type": "Error", "message": "No Account results found for ID: tsw", "file": "C:\xampp\htdocs\UNTY-PGRSYS\app\database"]
[2025-11-28 22:14:16]["type": "Error", "message": "No Account results found for ID: testuser", "file": "C:\xampp\htdocs\UNTY-PGRSYS\app\database"]
[2025-11-28 22:15:09]["type": "Error", "message": "No Account results found for ID: aa", "file": "C:\xampp\htdocs\UNTY-PGRSYS\app\database"]
[2025-11-28 22:21:11]["type": "ERROR", "message": "Database Error updating status PGID and Status!", "file": ""]
[2025-11-28 22:29:44]["type": "ERROR", "message": "Database Error updating status PGID and Status!", "file": ""]
[2025-11-28 22:30:26]["type": "ERROR", "message": "Database Error updating status PGID and Status!", "file": ""]
[2025-11-28 22:42:11]["type": "Error", "message": "No Account results found for ID: aa", "file": "C:\xampp\htdocs\UNTY-PGRSYS\app\database"]
[2025-11-28 22:42:16]["type": "Error", "message": "No Account results found for ID: bee", "file": "C:\xampp\htdocs\UNTY-PGRSYS\app\database"]
[2025-11-28 22:43:38]["type": "ERROR", "message": "Database Error updating status PGID and Status!", "file": ""]
[2025-11-28 22:44:17]["type": "ERROR", "message": "Database Error updating status PGID and Status!", "file": ""]
[2025-11-28 22:44:26]["type": "ERROR", "message": "Database Error updating status PGID and Status!", "file": ""]
[2025-11-28 22:44:39]["type": "ERROR", "message": "Database Error updating status PGID and Status!", "file": ""]
[2025-11-28 22:45:20]["type": "ERROR", "message": "Database Error updating status PGID and Status!", "file": ""]
[2025-11-29 07:38:27]["type": "ERROR", "message": "Database Error updating status PGID and Status!", "file": ""]
[2025-11-29 07:39:02]["type": "ERROR", "message": "Database Error updating status PGID and Status!", "file": ""]
[2025-11-29 07:41:15]["type": "ERROR", "message": "Database Error updating status PGID and Status!", "file": ""]
[2025-11-29 07:46:29]["type": "ERROR", "message": "Database Error updating status PGID and Status!", "file": ""]
[2025-11-29 07:46:46]["type": "ERROR", "message": "Database Error updating status PGID and Status!", "file": ""]
[2025-11-29 07:47:16]["type": "ERROR", "message": "Database Error updating status PGID and Status!", "file": ""]
[2025-11-29 07:48:32]["type": "ERROR", "message": "Database Error updating status PGID and Status!", "file": ""]
[2025-11-29 07:49:11]["type": "ERROR", "message": "Database Error updating status PGID and Status!", "file": ""]
[2025-11-29 07:49:22]["type": "ERROR", "message": "Database Error updating status PGID and Status!", "file": ""]
[2025-11-29 07:49:49]["type": "ERROR", "message": "Database Error updating status PGID and Status!", "file": ""]
[2025-11-29 07:50:22]["type": "ERROR", "message": "Database Error updating status PGID and Status!", "file": ""]
[2025-11-29 07:51:03]["type": "ERROR", "message": "Database Error updating status PGID and Status!", "file": ""]
[2025-11-29 07:51:39]["type": "ERROR", "message": "Database Error updating status PGID and Status!", "file": ""]
[2025-11-29 07:54:33]["type": "Error", "message": "No Account results found for ID: tst", "file": "C:\xampp\htdocs\UNTY-PGRSYS\app\database"]
[2025-11-29 07:54:34]["type": "Error", "message": "No Account results found for ID: tst", "file": "C:\xampp\htdocs\UNTY-PGRSYS\app\database"]
[2025-11-29 07:55:06]["type": "Error", "message": "No Account results found for ID: tst", "file": "C:\xampp\htdocs\UNTY-PGRSYS\app\database"]
[2025-11-29 07:55:06]["type": "Error", "message": "No Account results found for ID: tst", "file": "C:\xampp\htdocs\UNTY-PGRSYS\app\database"]
[2025-11-29 08:00:14]["type": "Error", "message": "No Account results found for ID: ee", "file": "C:\xampp\htdocs\UNTY-PGRSYS\app\database"]
[2025-11-29 08:00:15]["type": "Error", "message": "No Account results found for ID: ee", "file": "C:\xampp\htdocs\UNTY-PGRSYS\app\database"]
[2025-11-29 08:03:04]["type": "Error", "message": "No Account results found for ID: last", "file": "C:\xampp\htdocs\UNTY-PGRSYS\app\database"]
[2025-11-29 08:03:04]["type": "Error", "message": "No Account results found for ID: last", "file": "C:\xampp\htdocs\UNTY-PGRSYS\app\database"]
[2025-11-29 08:04:35]["type": "Database INFO", "message": "Already Have Username", "file": "C:\xampp\htdocs\UNTY-PGRSYS\app\functions"]
[2025-11-29 08:04:44]["type": "Error", "message": "No Account results found for ID: eeq", "file": "C:\xampp\htdocs\UNTY-PGRSYS\app\database"]
[2025-11-29 08:04:45]["type": "Error", "message": "No Account results found for ID: eeq", "file": "C:\xampp\htdocs\UNTY-PGRSYS\app\database"]
[2025-11-29 08:07:08]["type": "Error", "message": "No Account results found for ID: u1", "file": "C:\xampp\htdocs\UNTY-PGRSYS\app\database"]
[2025-11-29 08:07:08]["type": "Error", "message": "No Account results found for ID: u1", "file": "C:\xampp\htdocs\UNTY-PGRSYS\app\database"]
[2025-11-29 08:16:38]["type": "ERROR", "message": "Database Error updating status PGID and Status!", "file": ""]
[2025-11-29 09:45:33]["type": "ERROR", "message": "Database Error updating status PGID and Status!", "file": ""]
[2025-11-29 09:46:05]["type": "Error", "message": "No Account results found for ID: sh", "file": "C:\xampp\htdocs\UNTY-PGRSYS\app\database"]
[2025-11-29 09:46:05]["type": "Error", "message": "No Account results found for ID: sh", "file": "C:\xampp\htdocs\UNTY-PGRSYS\app\database"]
[2025-11-29 09:47:00]["type": "Error", "message": "No Account results found for ID: sha", "file": "C:\xampp\htdocs\UNTY-PGRSYS\app\database"]
[2025-11-29 09:47:00]["type": "Error", "message": "No Account results found for ID: sha", "file": "C:\xampp\htdocs\UNTY-PGRSYS\app\database"]
[2025-11-29 09:48:34]["type": "Error", "message": "No Account results found for ID: shaa", "file": "C:\xampp\htdocs\UNTY-PGRSYS\app\database"]
[2025-11-29 09:48:34]["type": "Error", "message": "No Account results found for ID: shaa", "file": "C:\xampp\htdocs\UNTY-PGRSYS\app\database"]
[2025-11-29 10:05:56]["type": "Error", "message": "No Account results found for ID: aa", "file": "C:\xampp\htdocs\UNTY-PGRSYS\app\database"]
[2025-11-29 10:06:43]["type": "Error", "message": "No Account results found for ID: cp", "file": "C:\xampp\htdocs\UNTY-PGRSYS\app\database"]
[2025-11-29 10:06:43]["type": "Error", "message": "No Account results found for ID: cp", "file": "C:\xampp\htdocs\UNTY-PGRSYS\app\database"]
[2025-11-29 11:32:52]["type": "ERROR", "message": "Database Error updating status PGID and Role!", "file": ""]
[2025-11-29 11:34:28]["type": "ERROR", "message": "Database Error updating status PGID and Role!", "file": ""]
[2025-11-29 11:37:31]["type": "ERROR", "message": "Database Error updating status PGID and Role!", "file": ""]
[2025-11-29 16:44:26]["type": "ERROR", "message": "Database Error updating status PGID and Role!", "file": ""]
[2025-11-29 16:45:13]["type": "ERROR", "message": "Database Error updating status PGID and Role!", "file": ""]
[2025-11-29 16:46:48]["type": "ERROR", "message": "Database Error updating status PGID and Role!", "file": ""]
[2025-11-29 16:46:59]["type": "ERROR", "message": "Database Error updating status PGID and Role!", "file": ""]
[2025-11-29 16:50:28]["type": "ERROR", "message": "Database Error updating status PGID and Role!", "file": ""]
[2025-11-29 16:51:05]["type": "ERROR", "message": "Database Error updating status PGID and Role!", "file": ""]
[2025-11-29 16:51:10]["type": "ERROR", "message": "Database Error updating status PGID and Role!", "file": ""]
[2025-11-29 16:51:41]["type": "ERROR", "message": "Database Error updating status PGID and Role!", "file": ""]
[2025-11-29 17:19:08]["type": "ERROR", "message": "Database Error updating status PGID and Status!", "file": ""]
[2025-11-29 17:21:04]["type": "ERROR", "message": "Database Error updating status PGID and Status!", "file": ""]
[2025-11-29 17:21:29]["type": "ERROR", "message": "Database Error updating status PGID and Status!", "file": ""]
[2025-11-29 17:24:09]["type": "Error", "message": "No Account results found for ID: aa", "file": "C:\xampp\htdocs\UNTY-PGRSYS\app\database"]
[2025-11-29 17:49:28]["type": "ERROR", "message": "Database Error updating status PGID: 250351 with Image: . Error: ", "file": ""]
[2025-11-29 17:53:02]["type": "ERROR", "message": "Database Error updating status PGID: 250351 with Image: . Error: ", "file": ""]
[2025-11-29 17:55:39]["type": "ERROR", "message": "Database Error updating status PGID: 11111 with Image: . Error: ", "file": ""]
[2025-11-29 17:56:27]["type": "ERROR", "message": "Database Error updating status PGID: 11111 with Image: 11111_selfie_1764435386.jpeg. Error: ", "file": ""]
[2025-11-29 18:01:26]["type": "Error", "message": "No Account results found for ID: twt", "file": "C:\xampp\htdocs\UNTY-PGRSYS\app\database"]
[2025-11-29 18:01:26]["type": "Error", "message": "No Account results found for ID: twt", "file": "C:\xampp\htdocs\UNTY-PGRSYS\app\database"]
[2025-11-29 18:03:34]["type": "Error", "message": "No Account results found for ID: ehhh", "file": "C:\xampp\htdocs\UNTY-PGRSYS\app\database"]
[2025-11-29 18:03:34]["type": "Error", "message": "No Account results found for ID: ehhh", "file": "C:\xampp\htdocs\UNTY-PGRSYS\app\database"]
[2025-11-29 18:04:29]["type": "Error", "message": "No Account results found for ID: ll", "file": "C:\xampp\htdocs\UNTY-PGRSYS\app\database"]
[2025-11-29 18:04:29]["type": "Database INFO", "message": "Mobile Number Already Register!", "file": "C:\xampp\htdocs\UNTY-PGRSYS\app\functions"]
[2025-11-29 18:04:36]["type": "Error", "message": "No Account results found for ID: ll", "file": "C:\xampp\htdocs\UNTY-PGRSYS\app\database"]
[2025-11-29 18:04:36]["type": "Error", "message": "No Account results found for ID: ll", "file": "C:\xampp\htdocs\UNTY-PGRSYS\app\database"]
[2025-11-29 18:16:38]["type": "ERROR", "message": "Database Error updating status PGID and Status!", "file": ""]
[2025-11-29 18:27:22]["type": "ERROR", "message": "Database Error updating status PGID and Status!", "file": ""]
[2025-11-29 18:45:07]["type": "ERROR", "message": "Database Error updating status PGID and Status!", "file": ""]
[2025-11-29 18:45:29]["type": "ERROR", "message": "Database Error updating status PGID and Status!", "file": ""]
[2025-11-29 20:37:56]["type": "ERROR", "message": "Database Error updating status PGID and Status!", "file": ""]
[2025-11-29 20:38:16]["type": "ERROR", "message": "Database Error updating status PGID and Status!", "file": ""]
[2025-11-29 20:46:38]["type": "ERROR", "message": "Database Error updating status PGID and Status!", "file": ""]
[2025-11-29 20:49:23]["type": "ERROR", "message": "Database Error updating status PGID and Status!", "file": ""]
[2025-11-29 20:51:57]["type": "INFO", "message": "No rows affected by UpdateAllProfileByPGID for userId: 250322. Data might be identical.", "file": ""]
[2025-11-29 20:52:00]["type": "Error", "message": "No Account Found for PGID: ", "file": "C:\xampp\htdocs\UNTY-PGRSYS\app\database"]
[2025-11-29 20:53:20]["type": "Error", "message": "No Account Found for PGID: ", "file": "C:\xampp\htdocs\UNTY-PGRSYS\app\database"]
[2025-11-29 20:53:36]["type": "Error", "message": "No Account Found for PGID: ", "file": "C:\xampp\htdocs\UNTY-PGRSYS\app\database"]
[2025-11-29 20:53:55]["type": "Error", "message": "No Account Found for PGID: ", "file": "C:\xampp\htdocs\UNTY-PGRSYS\app\database"]
[2025-11-29 20:56:28]["type": "ERROR", "message": "Database Error updating status PGID and Status!", "file": ""]
[2025-11-29 20:56:43]["type": "Error", "message": "No Account Found for PGID: ", "file": "C:\xampp\htdocs\UNTY-PGRSYS\app\database"]
[2025-11-29 20:57:50]["type": "Error", "message": "No Account Found for PGID: ", "file": "C:\xampp\htdocs\UNTY-PGRSYS\app\database"]
[2025-11-29 20:59:04]["type": "ERROR", "message": "Database Error updating status PGID and Status!", "file": ""]
[2025-11-29 21:00:08]["type": "Error", "message": "No Account Found for PGID: ", "file": "C:\xampp\htdocs\UNTY-PGRSYS\app\database"]
[2025-11-29 21:01:00]["type": "ERROR", "message": "Database Error updating status PGID and Status!", "file": ""]
[2025-11-29 21:03:53]["type": "Error", "message": "No Account Found for PGID: ", "file": "C:\xampp\htdocs\UNTY-PGRSYS\app\database"]
[2025-11-29 21:04:36]["type": "Error", "message": "No Account Found for PGID: ", "file": "C:\xampp\htdocs\UNTY-PGRSYS\app\database"]
[2025-11-29 21:04:55]["type": "Error", "message": "No Account Found for PGID: ", "file": "C:\xampp\htdocs\UNTY-PGRSYS\app\database"]
[2025-11-29 21:05:44]["type": "ERROR", "message": "Database Error updating status PGID and Status!", "file": ""]
[2025-11-29 21:05:59]["type": "Error", "message": "No Account Found for PGID: ", "file": "C:\xampp\htdocs\UNTY-PGRSYS\app\database"]
[2025-11-29 21:08:45]["type": "ERROR", "message": "Database Error updating status PGID and Status!", "file": ""]
[2025-11-29 21:51:27]["type": "INFO", "message": "No rows affected by UpdateAllProfileByPGID for userId: 250322. Data might be identical.", "file": ""]
[2025-11-29 21:51:32]["type": "INFO", "message": "No rows affected by UpdateAllProfileByPGID for userId: 250322. Data might be identical.", "file": ""]
[2025-11-29 22:03:36]["type": "INFO", "message": "No rows affected by UpdateAllProfileByPGID for userId: 250322. Data might be identical.", "file": ""]
[2025-11-29 22:03:55]["type": "INFO", "message": "No rows affected by UpdateAllProfileByPGID for userId: 250322. Data might be identical.", "file": ""]
[2025-11-29 23:59:15]["type": "Error", "message": "No Account results found for ID: ", "file": "C:\xampp\htdocs\UNTY-PGRSYS\app\database"]
[2025-11-30 00:00:52]["type": "ERROR", "message": "Missing data key 'username' in newDataArray for UpdateAllProfileByPGID.", "file": ""]
[2025-11-30 00:01:46]["type": "ERROR", "message": "Missing data key 'username' in newDataArray for UpdateAllProfileByPGID.", "file": ""]
[2025-11-30 00:03:15]["type": "ERROR", "message": "Missing data key 'username' in newDataArray for UpdateAllProfileByPGID.", "file": ""]
[2025-11-30 00:04:24]["type": "ERROR", "message": "Missing data key 'password' in newDataArray for UpdateAllProfileByPGID.", "file": ""]
[2025-11-30 00:04:37]["type": "ERROR", "message": "Missing data key 'password' in newDataArray for UpdateAllProfileByPGID.", "file": ""]
[2025-11-30 00:06:54]["type": "Error", "message": "No Account results found for ID: admin", "file": "C:\xampp\htdocs\UNTY-PGRSYS\app\database"]
[2025-11-30 00:06:59]["type": "Error", "message": "No Account results found for ID: admin1", "file": "C:\xampp\htdocs\UNTY-PGRSYS\app\database"]
[2025-11-30 00:07:33]["type": "ERROR", "message": "Database Error updating status PGID and Status!", "file": ""]
[2025-11-30 00:09:57]["type": "Error", "message": "No Account results found for ID: ", "file": "C:\xampp\htdocs\UNTY-PGRSYS\app\database"]
[2025-11-30 00:11:40]["type": "Error", "message": "No Account results found for ID: ", "file": "C:\xampp\htdocs\UNTY-PGRSYS\app\database"]
[2025-11-30 00:12:51]["type": "Error", "message": "No Account results found for ID: ", "file": "C:\xampp\htdocs\UNTY-PGRSYS\app\database"]
[2025-11-30 00:13:18]["type": "INFO", "message": "No rows affected by UpdateAllProfileByPGID for userId: 250322. Data might be identical.", "file": ""]
[2025-11-30 00:19:18]["type": "Error", "message": "No Account results found for ID: ", "file": "C:\xampp\htdocs\UNTY-PGRSYS\app\database"]
[2025-11-30 00:34:54]["type": "Error", "message": "No Account results found for ID: ", "file": "C:\xampp\htdocs\UNTY-PGRSYS\app\database"]
[2025-11-30 00:36:16]["type": "ERROR", "message": "Missing data key 'password' in newDataArray for UpdateAllProfileByPGID.", "file": ""]
[2025-11-30 00:36:21]["type": "ERROR", "message": "Missing data key 'password' in newDataArray for UpdateAllProfileByPGID.", "file": ""]
[2025-11-30 00:37:12]["type": "ERROR", "message": "Missing data key 'password' in newDataArray for UpdateAllProfileByPGID.", "file": ""]
[2025-11-30 00:37:21]["type": "ERROR", "message": "Missing data key 'password' in newDataArray for UpdateAllProfileByPGID.", "file": ""]
[2025-11-30 00:37:40]["type": "ERROR", "message": "Missing data key 'password' in newDataArray for UpdateAllProfileByPGID.", "file": ""]
[2025-11-30 00:39:03]["type": "ERROR", "message": "Missing data key 'password' in newDataArray for UpdateAllProfileByPGID.", "file": ""]
[2025-11-30 00:39:17]["type": "ERROR", "message": "Missing data key 'password' in newDataArray for UpdateAllProfileByPGID.", "file": ""]
[2025-11-30 00:40:26]["type": "ERROR", "message": "Missing data key 'password' in newDataArray for UpdateAllProfileByPGID.", "file": ""]
[2025-11-30 00:41:03]["type": "ERROR", "message": "Missing data key 'password' in newDataArray for UpdateAllProfileByPGID.", "file": ""]
[2025-11-30 00:41:39]["type": "ERROR", "message": "Missing data key 'number' in newDataArray for UpdateAllProfileByPGID.", "file": ""]
[2025-11-30 00:41:48]["type": "ERROR", "message": "Missing data key 'number' ain newDataArray for UpdateAllProfileByPGID.", "file": ""]
[2025-11-30 01:13:44]["type": "INFO", "message": "No rows affected by UpdateAllProfileByPGID for userId: . Data might be identical.", "file": ""]
[2025-11-30 01:15:23]["type": "INFO", "message": "No rows affected by UpdateAllProfileByPGID for userId: . Data might be identical.", "file": ""]
[2025-11-30 01:17:46]["type": "INFO", "message": "No rows affected by UpdateAllProfileByPGID for userId: 250322. Data might be identical.", "file": ""]
[2025-11-30 01:19:11]["type": "INFO", "message": "No rows affected by UpdateAllProfileByPGID for userId: 250322. Data might be identical.", "file": ""]
[2025-11-30 01:19:11]["type": "INFO", "message": "No rows affected by UpdateAllProfileByPGID for userId: 250322. Data might be identical.", "file": ""]
[2025-11-30 01:24:12]["type": "INFO", "message": "No rows affected by UpdateAllProfileByPGID for userId: 250322. Data might be identical.", "file": ""]
[2025-11-30 01:30:22]["type": "INFO", "message": "No rows affected by UpdateAllProfileByPGID for userId: 250322. Data might be identical.", "file": ""]
[2025-11-30 01:32:32]["type": "Error", "message": "No Account results found for ID: ", "file": "C:\xampp\htdocs\UNTY-PGRSYS\app\database"]
[2025-11-30 01:45:14]["type": "Error", "message": "No Account results found for ID: ", "file": "C:\xampp\htdocs\UNTY-PGRSYS\app\database"]
[2025-11-30 01:52:50]["type": "Error", "message": "No Account results found for ID: ", "file": "C:\xampp\htdocs\UNTY-PGRSYS\app\database"]
[2025-11-30 02:09:21]["type": "INFO", "message": "No rows affected by UpdateAllProfileByPGID for userId: 250322. Data might be identical.", "file": ""]
[2025-11-30 08:26:50]["type": "Database", "message": "Database connection failed", "file": "C:\xampp\htdocs\UNTY-PGRSYS\app\database"]
[2025-11-30 14:20:43]["type": "Error", "message": "No Account results found for ID: admin", "file": "C:\xampp\htdocs\UNTY-PGRSYS\app\database"]
[2025-11-30 14:26:34]["type": "Error", "message": "No Account results found for ID: admin", "file": "C:\xampp\htdocs\UNTY-PGRSYS\app\database"]
[2025-11-30 14:26:34]["type": "INFO", "message": "SQLSTATE[42S22]: Column not found: 1054 Unknown column 'role_id' in 'field list'", "file": "C:\xampp\htdocs\UNTY-PGRSYS\app\database"]
[2025-11-30 14:26:34]["type": "Error", "message": "No Account results found for ID: admin", "file": "C:\xampp\htdocs\UNTY-PGRSYS\app\database"]
[2025-11-30 14:26:34]["type": "Database INFO", "message": "Account registration failed ", "file": "C:\xampp\htdocs\UNTY-PGRSYS\app\functions"]
[2025-11-30 14:27:23]["type": "Error", "message": "No Account results found for ID: admin", "file": "C:\xampp\htdocs\UNTY-PGRSYS\app\database"]
[2025-11-30 14:27:23]["type": "INFO", "message": "SQLSTATE[42S22]: Column not found: 1054 Unknown column 'role_id' in 'field list'", "file": "C:\xampp\htdocs\UNTY-PGRSYS\app\database"]
[2025-11-30 14:27:23]["type": "Error", "message": "No Account results found for ID: admin", "file": "C:\xampp\htdocs\UNTY-PGRSYS\app\database"]
[2025-11-30 14:27:23]["type": "Database INFO", "message": "Account registration failed ", "file": "C:\xampp\htdocs\UNTY-PGRSYS\app\functions"]
[2025-11-30 14:28:07]["type": "Error", "message": "No Account results found for ID: admin", "file": "C:\xampp\htdocs\UNTY-PGRSYS\app\database"]
[2025-11-30 14:28:07]["type": "INFO", "message": "SQLSTATE[42S22]: Column not found: 1054 Unknown column 'role_id' in 'field list'", "file": "C:\xampp\htdocs\UNTY-PGRSYS\app\database"]
[2025-11-30 14:28:07]["type": "Error", "message": "No Account results found for ID: admin", "file": "C:\xampp\htdocs\UNTY-PGRSYS\app\database"]
[2025-11-30 14:28:07]["type": "Database INFO", "message": "Account registration failed ", "file": "C:\xampp\htdocs\UNTY-PGRSYS\app\functions"]
[2025-11-30 14:31:32]["type": "Error", "message": "No Account results found for ID: admin", "file": "C:\xampp\htdocs\UNTY-PGRSYS\app\database"]
[2025-11-30 14:31:32]["type": "INFO", "message": "SQLSTATE[42S22]: Column not found: 1054 Unknown column 'role_id' in 'field list'", "file": "C:\xampp\htdocs\UNTY-PGRSYS\app\database"]
[2025-11-30 14:31:32]["type": "Error", "message": "No Account results found for ID: admin", "file": "C:\xampp\htdocs\UNTY-PGRSYS\app\database"]
[2025-11-30 14:31:32]["type": "Database INFO", "message": "Account registration failed ", "file": "C:\xampp\htdocs\UNTY-PGRSYS\app\functions"]
[2025-11-30 14:34:46]["type": "Error", "message": "No Account results found for ID: admin", "file": "C:\xampp\htdocs\UNTY-PGRSYS\app\database"]
[2025-11-30 14:34:46]["type": "INFO", "message": "SQLSTATE[42S22]: Column not found: 1054 Unknown column 'role_id' in 'field list'", "file": "C:\xampp\htdocs\UNTY-PGRSYS\app\database"]
[2025-11-30 14:34:46]["type": "Error", "message": "No Account results found for ID: admin", "file": "C:\xampp\htdocs\UNTY-PGRSYS\app\database"]
[2025-11-30 14:34:46]["type": "Database INFO", "message": "Account registration failed ", "file": "C:\xampp\htdocs\UNTY-PGRSYS\app\functions"]
[2025-11-30 14:55:14]["type": "Error", "message": "No Account results found for ID: admin", "file": "C:\xampp\htdocs\UNTY-PGRSYS\app\database"]
[2025-11-30 14:55:14]["type": "INFO", "message": "SQLSTATE[42S22]: Column not found: 1054 Unknown column 'role_id' in 'field list'", "file": "C:\xampp\htdocs\UNTY-PGRSYS\app\database"]
[2025-11-30 14:55:14]["type": "Database INFO", "message": "Profile creation failed: Unknown profile creation error.", "file": "C:\xampp\htdocs\UNTY-PGRSYS\app\functions"]
[2025-11-30 14:59:38]["type": "Error", "message": "No Account results found for ID: admin", "file": "C:\xampp\htdocs\UNTY-PGRSYS\app\database"]
[2025-11-30 14:59:38]["type": "PROFILE_ERROR", "message": "SQLSTATE[42S22]: Column not found: 1054 Unknown column 'role_id' in 'field list'", "file": "C:\xampp\htdocs\UNTY-PGRSYS\app\database"]
[2025-11-30 14:59:38]["type": "Database INFO", "message": "Profile creation failed: SQLSTATE[42S22]: Column not found: 1054 Unknown column 'role_id' in 'field list'", "file": "C:\xampp\htdocs\UNTY-PGRSYS\app\functions"]
[2025-11-30 15:05:10]["type": "Error", "message": "No Account results found for ID: admin", "file": "C:\xampp\htdocs\UNTY-PGRSYS\app\database"]
[2025-11-30 15:05:10]["type": "PROFILE_ERROR", "message": "SQLSTATE[42S22]: Column not found: 1054 Unknown column 'roleId' in 'field list'", "file": "C:\xampp\htdocs\UNTY-PGRSYS\app\database"]
[2025-11-30 15:05:10]["type": "Database INFO", "message": "Profile creation failed: SQLSTATE[42S22]: Column not found: 1054 Unknown column 'roleId' in 'field list'", "file": "C:\xampp\htdocs\UNTY-PGRSYS\app\functions"]
[2025-11-30 15:07:01]["type": "Error", "message": "No Account results found for ID: admin", "file": "C:\xampp\htdocs\UNTY-PGRSYS\app\database"]
[2025-11-30 15:07:01]["type": "PROFILE_ERROR", "message": "SQLSTATE[HY093]: Invalid parameter number: number of bound variables does not match number of tokens", "file": "C:\xampp\htdocs\UNTY-PGRSYS\app\database"]
[2025-11-30 15:07:01]["type": "Database INFO", "message": "Profile creation failed: SQLSTATE[HY093]: Invalid parameter number: number of bound variables does not match number of tokens", "file": "C:\xampp\htdocs\UNTY-PGRSYS\app\functions"]
[2025-11-30 15:07:21]["type": "Error", "message": "No Account results found for ID: admin", "file": "C:\xampp\htdocs\UNTY-PGRSYS\app\database"]
[2025-11-30 15:07:22]["type": "Error", "message": "No Account results found for ID: admin", "file": "C:\xampp\htdocs\UNTY-PGRSYS\app\database"]
[2025-11-30 15:08:54]["type": "Database INFO", "message": "Username is already registered.", "file": "C:\xampp\htdocs\UNTY-PGRSYS\app\functions"]
[2025-11-30 15:09:08]["type": "Error", "message": "No Account results found for ID: admin2", "file": "C:\xampp\htdocs\UNTY-PGRSYS\app\database"]
[2025-11-30 15:09:08]["type": "Error", "message": "No Account results found for ID: admin2", "file": "C:\xampp\htdocs\UNTY-PGRSYS\app\database"]
[2025-11-30 15:11:21]["type": "Error", "message": "No Account results found for ID: test", "file": "C:\xampp\htdocs\UNTY-PGRSYS\app\database"]
[2025-11-30 15:11:22]["type": "Error", "message": "No Account results found for ID: test", "file": "C:\xampp\htdocs\UNTY-PGRSYS\app\database"]
[2025-11-30 17:01:43]["type": "Error", "message": "No Account Found for PGID: 250322", "file": "C:\xampp\htdocs\UNTY-PGRSYS\app\database"]
[2025-11-30 17:01:55]["type": "Error", "message": "No Account Found for PGID: 250322", "file": "C:\xampp\htdocs\UNTY-PGRSYS\app\database"]
[2025-11-30 17:01:57]["type": "Error", "message": "No Account Found for PGID: 250322", "file": "C:\xampp\htdocs\UNTY-PGRSYS\app\database"]
[2025-11-30 17:01:59]["type": "Error", "message": "No Account Found for PGID: 250322", "file": "C:\xampp\htdocs\UNTY-PGRSYS\app\database"]
[2025-11-30 17:06:46]["type": "Error", "message": "No Account Found for PGID: ", "file": "C:\xampp\htdocs\UNTY-PGRSYS\app\database"]
[2025-11-30 17:07:05]["type": "Error", "message": "No Account Found for PGID: ", "file": "C:\xampp\htdocs\UNTY-PGRSYS\app\database"]
[2025-11-30 17:08:39]["type": "Error", "message": "No Account Found for PGID: ", "file": "C:\xampp\htdocs\UNTY-PGRSYS\app\database"]
[2025-11-30 17:11:29]["type": "Error", "message": "No Account Found for PGID: ", "file": "C:\xampp\htdocs\UNTY-PGRSYS\app\database"]
[2025-11-30 17:17:12]["type": "Error", "message": "No Account results found for ID: admin22", "file": "C:\xampp\htdocs\UNTY-PGRSYS\app\database"]
[2025-11-30 17:17:12]["type": "Error", "message": "No Account results found for ID: admin22", "file": "C:\xampp\htdocs\UNTY-PGRSYS\app\database"]
[2025-11-30 17:19:36]["type": "Error", "message": "No Account results found for ID: aaqq", "file": "C:\xampp\htdocs\UNTY-PGRSYS\app\database"]
[2025-11-30 17:19:36]["type": "Error", "message": "No Account results found for ID: aaqq", "file": "C:\xampp\htdocs\UNTY-PGRSYS\app\database"]
[2025-11-30 17:21:17]["type": "Error", "message": "No Account results found for ID: aaqqq", "file": "C:\xampp\htdocs\UNTY-PGRSYS\app\database"]
[2025-11-30 17:21:17]["type": "Database INFO", "message": "Mobile Number is already registered!", "file": "C:\xampp\htdocs\UNTY-PGRSYS\app\functions"]
[2025-11-30 17:21:23]["type": "Error", "message": "No Account results found for ID: aaqqq", "file": "C:\xampp\htdocs\UNTY-PGRSYS\app\database"]
[2025-11-30 17:21:24]["type": "Error", "message": "No Account results found for ID: aaqqq", "file": "C:\xampp\htdocs\UNTY-PGRSYS\app\database"]
[2025-11-30 17:22:43]["type": "Error", "message": "No Account results found for ID: aaqqqq", "file": "C:\xampp\htdocs\UNTY-PGRSYS\app\database"]
[2025-11-30 17:22:44]["type": "Error", "message": "No Account results found for ID: aaqqqq", "file": "C:\xampp\htdocs\UNTY-PGRSYS\app\database"]
[2025-11-30 17:23:10]["type": "Database INFO", "message": "Username is already registered.", "file": "C:\xampp\htdocs\UNTY-PGRSYS\app\functions"]
[2025-11-30 17:23:15]["type": "Error", "message": "No Account results found for ID: aaqqqqq", "file": "C:\xampp\htdocs\UNTY-PGRSYS\app\database"]
[2025-11-30 17:23:15]["type": "Database INFO", "message": "Mobile Number is already registered!", "file": "C:\xampp\htdocs\UNTY-PGRSYS\app\functions"]
[2025-11-30 17:23:24]["type": "Error", "message": "No Account results found for ID: aaqqqqq", "file": "C:\xampp\htdocs\UNTY-PGRSYS\app\database"]
[2025-11-30 17:23:24]["type": "Error", "message": "No Account results found for ID: aaqqqqq", "file": "C:\xampp\htdocs\UNTY-PGRSYS\app\database"]
[2025-11-30 17:31:03]["type": "Error", "message": "No Account results found for ID: admins", "file": "C:\xampp\htdocs\UNTY-PGRSYS\app\database"]
[2025-11-30 17:31:04]["type": "Error", "message": "No Account results found for ID: admins", "file": "C:\xampp\htdocs\UNTY-PGRSYS\app\database"]
[2025-11-30 17:32:38]["type": "Error", "message": "No Account results found for ID: eeeeeeeeeeee", "file": "C:\xampp\htdocs\UNTY-PGRSYS\app\database"]
[2025-11-30 17:32:38]["type": "Error", "message": "No Account results found for ID: eeeeeeeeeeee", "file": "C:\xampp\htdocs\UNTY-PGRSYS\app\database"]
[2025-11-30 19:20:02]["type": "INFO", "message": "No rows affected by UpdateAllProfileByPGID for userId: 250374. Data might be identical.", "file": ""]
[2025-11-30 19:20:21]["type": "Error", "message": "No Account results found for ID: test11", "file": "C:\xampp\htdocs\UNTY-PGRSYS\app\database"]
[2025-11-30 19:20:55]["type": "Error", "message": "No Account results found for ID: test00", "file": "C:\xampp\htdocs\UNTY-PGRSYS\app\database"]
[2025-11-30 19:20:55]["type": "Error", "message": "No Account results found for ID: test00", "file": "C:\xampp\htdocs\UNTY-PGRSYS\app\database"]
[2025-11-30 19:23:48]["type": "ERROR", "message": "Database Error updating status PGID and Status!", "file": ""]
[2025-11-30 19:44:47]["type": "INFO", "message": "No rows affected by UpdateAllProfileByPGID for userId: 250351. Data might be identical.", "file": ""]
[2025-11-30 19:44:47]["type": "INFO", "message": "No rows affected by UpdateAllProfileByPGID for userId: 250351. Data might be identical.", "file": ""]
[2025-11-30 19:44:47]["type": "Error", "message": "No Account Found for PGID: ", "file": "C:\xampp\htdocs\UNTY-PGRSYS\app\database"]
[2025-11-30 20:17:57]["type": "Error", "message": "No Account Found for PGID: ", "file": "C:\xampp\htdocs\UNTY-PGRSYS\app\database"]
[2025-11-30 20:18:56]["type": "Error", "message": "No Account Found for PGID: ", "file": "C:\xampp\htdocs\UNTY-PGRSYS\app\database"]
[2025-11-30 20:22:19]["type": "ERROR", "message": "Database Error updating status PGID and Status!", "file": ""]
[2025-11-30 20:22:32]["type": "Error", "message": "No Account Found for PGID: ", "file": "C:\xampp\htdocs\UNTY-PGRSYS\app\database"]
[2025-11-30 20:22:33]["type": "Error", "message": "No Account Found for PGID: ", "file": "C:\xampp\htdocs\UNTY-PGRSYS\app\database"]
[2025-11-30 20:26:55]["type": "ERROR", "message": "Database Error updating status PGID and Status!", "file": ""]
[2025-11-30 20:27:32]["type": "Error", "message": "No Account Found for PGID: ", "file": "C:\xampp\htdocs\UNTY-PGRSYS\app\database"]
[2025-11-30 20:28:47]["type": "Error", "message": "No Account Found for PGID: ", "file": "C:\xampp\htdocs\UNTY-PGRSYS\app\database"]
[2025-11-30 20:28:47]["type": "Error", "message": "No Account Found for PGID: ", "file": "C:\xampp\htdocs\UNTY-PGRSYS\app\database"]
[2025-11-30 20:28:48]["type": "Error", "message": "No Account Found for PGID: ", "file": "C:\xampp\htdocs\UNTY-PGRSYS\app\database"]
[2025-11-30 20:50:00]["type": "Error", "message": "No Account results found for ID: test000", "file": "C:\xampp\htdocs\UNTY-PGRSYS\app\database"]
[2025-11-30 20:50:01]["type": "Error", "message": "No Account results found for ID: test000", "file": "C:\xampp\htdocs\UNTY-PGRSYS\app\database"]
[2025-11-30 20:58:42]["type": "Error", "message": "No Account Found for PGID: ", "file": "C:\xampp\htdocs\UNTY-PGRSYS\app\database"]
[2025-11-30 21:29:11]["type": "Error", "message": "No Account results found for ID: test001", "file": "C:\xampp\htdocs\UNTY-PGRSYS\app\database"]
[2025-11-30 21:29:11]["type": "Database INFO", "message": "Mobile Number is already registered!", "file": "C:\xampp\htdocs\UNTY-PGRSYS\app\functions"]
[2025-11-30 21:29:19]["type": "Error", "message": "No Account results found for ID: test001", "file": "C:\xampp\htdocs\UNTY-PGRSYS\app\database"]
[2025-11-30 21:29:19]["type": "Error", "message": "No Account results found for ID: test001", "file": "C:\xampp\htdocs\UNTY-PGRSYS\app\database"]
[2025-11-30 21:30:35]["type": "Error", "message": "No Account results found for ID: test01", "file": "C:\xampp\htdocs\UNTY-PGRSYS\app\database"]
[2025-11-30 21:30:36]["type": "Error", "message": "No Account results found for ID: test01", "file": "C:\xampp\htdocs\UNTY-PGRSYS\app\database"]
[2025-11-30 21:47:10]["type": "ERROR", "message": "Database Error updating status PGID and Status!", "file": ""]
[2025-11-30 21:47:11]["type": "Error", "message": "No Account Found for PGID: ", "file": "C:\xampp\htdocs\UNTY-PGRSYS\app\database"]
[2025-11-30 21:48:16]["type": "ERROR", "message": "Database Error updating status PGID and Status!", "file": ""]
[2025-11-30 21:48:19]["type": "ERROR", "message": "Database Error updating status PGID and Status!", "file": ""]
[2025-11-30 21:48:36]["type": "ERROR", "message": "Database Error updating status PGID and Status!", "file": ""]
[2025-11-30 21:50:45]["type": "ERROR", "message": "Database Error updating status PGID and Status!", "file": ""]
[2025-11-30 21:58:37]["type": "Error", "message": "No Account Found for PGID: ", "file": "C:\xampp\htdocs\UNTY-PGRSYS\app\database"]
[2025-11-30 21:59:26]["type": "Error", "message": "No Account Found for PGID: ", "file": "C:\xampp\htdocs\UNTY-PGRSYS\app\database"]
[2025-11-30 21:59:29]["type": "Error", "message": "No Account Found for PGID: ", "file": "C:\xampp\htdocs\UNTY-PGRSYS\app\database"]
[2025-11-30 21:59:38]["type": "Error", "message": "No Account Found for PGID: ", "file": "C:\xampp\htdocs\UNTY-PGRSYS\app\database"]
[2025-12-01 03:19:33]["type": "ERROR", "message": "Database Error updating status PGID and Status!", "file": ""]
[2025-12-01 03:19:45]["type": "Error", "message": "No Account results found for ID: user", "file": "C:\xampp\htdocs\UNTY-PGRSYS\app\database"]
[2025-12-01 03:22:27]["type": "Error", "message": "No Account results found for ID: user", "file": "C:\xampp\htdocs\UNTY-PGRSYS\app\database"]
[2025-12-01 03:22:27]["type": "Error", "message": "No Account results found for ID: user", "file": "C:\xampp\htdocs\UNTY-PGRSYS\app\database"]
[2025-12-01 03:24:37]["type": "ERROR", "message": "Database Error updating status PGID and Status!", "file": ""]
[2025-12-01 03:29:47]["type": "ERROR", "message": "Database Error updating status PGID and Status!", "file": ""]
[2025-12-01 03:30:07]["type": "INFO", "message": "No rows affected by UpdateAllProfileByPGID for userId: 250365. Data might be identical.", "file": ""]
[2025-12-01 03:30:08]["type": "Error", "message": "No Account Found for PGID: ", "file": "C:\xampp\htdocs\UNTY-PGRSYS\app\database"]
[2025-12-01 03:30:29]["type": "Error", "message": "No Account Found for PGID: ", "file": "C:\xampp\htdocs\UNTY-PGRSYS\app\database"]
[2025-12-01 03:31:31]["type": "Error", "message": "No Account Found for PGID: ", "file": "C:\xampp\htdocs\UNTY-PGRSYS\app\database"]
[2025-12-01 03:31:39]["type": "Error", "message": "No Account Found for PGID: ", "file": "C:\xampp\htdocs\UNTY-PGRSYS\app\database"]
[2025-12-01 03:31:50]["type": "ERROR", "message": "Database Error updating status PGID and Status!", "file": ""]
[2025-12-01 03:32:27]["type": "ERROR", "message": "Database Error updating status PGID and Status!", "file": ""]
[2025-12-01 03:33:35]["type": "ERROR", "message": "Database Error updating status PGID and Status!", "file": ""]
[2025-12-01 03:44:12]["type": "ERROR", "message": "Database Error updating status PGID and Status!", "file": ""]
[2025-12-01 03:44:23]["type": "INFO", "message": "No rows affected by UpdateAllProfileByPGID for userId: 250365. Data might be identical.", "file": ""]
[2025-12-01 03:44:23]["type": "Error", "message": "No Account Found for PGID: ", "file": "C:\xampp\htdocs\UNTY-PGRSYS\app\database"]
[2025-12-01 03:44:29]["type": "Error", "message": "No Account Found for PGID: ", "file": "C:\xampp\htdocs\UNTY-PGRSYS\app\database"]
[2025-12-01 03:45:12]["type": "Error", "message": "No Account Found for PGID: ", "file": "C:\xampp\htdocs\UNTY-PGRSYS\app\database"]
[2025-12-01 03:45:51]["type": "Error", "message": "No Account Found for PGID: ", "file": "C:\xampp\htdocs\UNTY-PGRSYS\app\database"]
[2025-12-01 03:47:34]["type": "ERROR", "message": "Database Error updating status PGID and Status!", "file": ""]
[2025-12-01 03:48:01]["type": "INFO", "message": "No rows affected by UpdateAllProfileByPGID for userId: 250365. Data might be identical.", "file": ""]
[2025-12-01 03:48:04]["type": "Error", "message": "No Account Found for PGID: ", "file": "C:\xampp\htdocs\UNTY-PGRSYS\app\database"]
[2025-12-01 03:48:14]["type": "Error", "message": "No Account Found for PGID: ", "file": "C:\xampp\htdocs\UNTY-PGRSYS\app\database"]
[2025-12-01 03:53:28]["type": "ERROR", "message": "Database Error updating status PGID and Status!", "file": ""]
[2025-12-01 03:54:32]["type": "INFO", "message": "No rows affected by UpdateAllProfileByPGID for userId: 250365. Data might be identical.", "file": ""]
[2025-12-01 03:54:33]["type": "Error", "message": "No Account Found for PGID: ", "file": "C:\xampp\htdocs\UNTY-PGRSYS\app\database"]
[2025-12-01 03:57:01]["type": "ERROR", "message": "Database Error updating status PGID and Status!", "file": ""]
[2025-12-01 03:57:20]["type": "INFO", "message": "No rows affected by UpdateAllProfileByPGID for userId: 250365. Data might be identical.", "file": ""]
[2025-12-01 03:58:01]["type": "INFO", "message": "No rows affected by UpdateAllProfileByPGID for userId: 250365. Data might be identical.", "file": ""]
[2025-12-01 04:45:11]["type": "INFO", "message": "No rows affected by UpdateAllProfileByPGID for userId: 250365. Data might be identical.", "file": ""]
[2025-12-01 05:10:12]["type": "ERROR", "message": "Database Error updating status PGID and Status!", "file": ""]
