[2025-11-23 17:59:18]["type": "INFO", "message": "Array", "file": ""]
[2025-11-23 18:01:30]["type": "INFO", "message": "Array", "file": ""]
[2025-11-23 18:01:36]["type": "INFO", "message": "Array", "file": ""]
[2025-11-24 05:23:50]["type": "INFO", "message": "Array", "file": ""]
[2025-11-24 09:03:27]["type": "INFO", "message": "Array", "file": ""]
[2025-11-24 09:46:38]["type": "INFO", "message": "Array", "file": ""]
[2025-11-24 20:41:15]["type": "INFO", "message": "Array", "file": ""]
[2025-11-24 20:41:30]["type": "INFO", "message": "Array", "file": ""]
[2025-11-24 20:41:58]["type": "INFO", "message": "Array", "file": ""]
[2025-11-24 20:42:06]["type": "INFO", "message": "Array", "file": ""]
[2025-11-24 20:42:31]["type": "INFO", "message": "Array", "file": ""]
[2025-11-24 20:43:08]["type": "INFO", "message": "Array", "file": ""]
[2025-11-24 20:43:12]["type": "INFO", "message": "Array", "file": ""]
[2025-11-24 20:44:19]["type": "INFO", "message": "Array", "file": ""]
[2025-11-24 20:47:45]["type": "INFO", "message": "Array", "file": ""]
[2025-11-24 20:49:37]["type": "INFO", "message": "Array", "file": ""]
[2025-11-24 20:50:48]["type": "INFO", "message": "Array", "file": ""]
[2025-11-24 20:53:44]["type": "INFO", "message": "Array", "file": ""]
[2025-11-24 20:53:55]["type": "INFO", "message": "Array", "file": ""]
[2025-11-24 20:54:32]["type": "INFO", "message": "Array", "file": ""]
[2025-11-24 20:54:38]["type": "INFO", "message": "Array", "file": ""]
[2025-11-24 20:55:04]["type": "INFO", "message": "Array", "file": ""]
[2025-11-28 02:56:04]["type": "INFO", "message": "Array", "file": ""]
[2025-11-28 02:56:10]["type": "INFO", "message": "Array", "file": ""]
[2025-11-28 07:32:33]["type": "INFO", "message": "Array", "file": ""]
[2025-11-28 07:32:39]["type": "INFO", "message": "Array", "file": ""]
[2025-11-28 10:09:43]["type": "INFO", "message": "Array", "file": ""]
[2025-11-28 10:09:50]["type": "INFO", "message": "Array", "file": ""]
[2025-11-28 10:10:37]["type": "INFO", "message": "Array", "file": ""]
[2025-11-28 10:11:26]["type": "INFO", "message": "Array", "file": ""]
[2025-11-28 10:12:03]["type": "INFO", "message": "Array", "file": ""]
[2025-11-28 10:12:38]["type": "INFO", "message": "Array", "file": ""]
[2025-11-28 10:13:00]["type": "INFO", "message": "Array", "file": ""]
[2025-11-28 10:16:38]["type": "ERROR", "message": "Login failure - Invalid Username or Password - Username: admin", "file": ""]
[2025-11-28 10:16:45]["type": "ERROR", "message": "Login failure - Invalid Username or Password - Username: admin", "file": ""]
[2025-11-28 10:17:14]["type": "ERROR", "message": "Login failure - Invalid Username or Password - Username: admin", "file": ""]
[2025-11-28 10:21:10]["type": "ERROR", "message": "Login failure - Invalid Username or Password - Username: admin", "file": ""]
[2025-11-28 10:22:32]["type": "ERROR", "message": "Login failure - Invalid Username or Password - Username: admin", "file": ""]
[2025-11-28 10:22:42]["type": "ERROR", "message": "Login failure - Invalid Username or Password - Username: admin", "file": ""]
[2025-11-28 10:23:02]["type": "ERROR", "message": "Login failure - Invalid Username or Password - Username: admin", "file": ""]
[2025-11-28 10:23:24]["type": "ERROR", "message": "Login failure - Invalid Username or Password - Username: admin", "file": ""]
[2025-11-28 10:24:29]["type": "ERROR", "message": "Login failure - Invalid Username or Password - Username: admin", "file": ""]
[2025-11-28 10:24:39]["type": "ERROR", "message": "Login failure - Invalid Username or Password - Username: admin", "file": ""]
[2025-11-28 10:25:34]["type": "INFO", "message": "Array", "file": ""]
[2025-11-28 21:32:40]["type": "ERROR", "message": "Login failed: Invalid Username or Password for user aa", "file": ""]
[2025-11-28 22:14:16]["type": "ERROR", "message": "Login failed: Invalid Username or Password for user testuser", "file": ""]
[2025-11-28 22:15:09]["type": "ERROR", "message": "Login failed: Invalid Username or Password for user aa", "file": ""]
[2025-11-28 22:42:11]["type": "ERROR", "message": "Login failed: Invalid Username or Password for user aa", "file": ""]
[2025-11-28 22:42:16]["type": "ERROR", "message": "Login failed: Invalid Username or Password for user bee", "file": ""]
[2025-11-29 07:54:33]["type": "ERROR", "message": "Login failed: Invalid Username or Password for user tst", "file": ""]
[2025-11-29 07:54:34]["type": "ERROR", "message": "Login failed: Invalid Username or Password for user tst", "file": ""]
[2025-11-29 10:05:56]["type": "ERROR", "message": "Login failed: Invalid Username or Password for user aa", "file": ""]
[2025-11-29 17:24:09]["type": "ERROR", "message": "Login failed: Invalid Username or Password for user aa", "file": ""]
[2025-11-29 20:58:06]["type": "ERROR", "message": "Login failed: Invalid Username or Password for user admin", "file": ""]
[2025-11-30 00:06:54]["type": "ERROR", "message": "Login failed: Invalid Username or Password for user admin", "file": ""]
[2025-11-30 00:06:59]["type": "ERROR", "message": "Login failed: Invalid Username or Password for user admin1", "file": ""]
[2025-11-30 14:20:43]["type": "ERROR", "message": "Login failed: Invalid Username or Password for user admin", "file": ""]
[2025-11-30 14:20:53]["type": "ERROR", "message": "Login failed: Invalid Username or Password for user admin2", "file": ""]
[2025-11-30 14:20:59]["type": "ERROR", "message": "Login failed: Invalid Username or Password for user admin2", "file": ""]
[2025-11-30 14:21:05]["type": "ERROR", "message": "Login failed: Invalid Username or Password for user admin2", "file": ""]
[2025-11-30 14:22:07]["type": "ERROR", "message": "Login failed: Invalid Username or Password for user admin2", "file": ""]
[2025-11-30 19:20:21]["type": "ERROR", "message": "Login failed: Invalid Username or Password for user test11", "file": ""]
[2025-12-01 03:19:45]["type": "ERROR", "message": "Login failed: Invalid Username or Password for user user", "file": ""]
[2025-12-01 03:43:32]["type": "ERROR", "message": "Login failed: Invalid Username or Password for user admin", "file": ""]
